[00:31:41] [main/INFO] (FabricLoader/GameProvider) Loading Minecraft 26.1 with Fabric Loader 0.19.2
[00:31:41] [main/INFO] (FabricLoader/Mappings) Mappings not present!
[00:31:41] [main/INFO] (FabricLoader) Loading ٥٣ mods:
	- bettershulker 1.0.0
	- fabric-api 0.145.1+26.1
	- fabric-api-base 2.0.3+ece0632347
	- fabric-api-lookup-api-v1 2.0.10+d5a053b647
	- fabric-biome-api-v1 18.0.4+35c80edc47
	- fabric-block-api-v1 3.0.2+ec56b60147
	- fabric-block-getter-api-v2 2.0.6+ec56b60147
	- fabric-client-gametest-api-v1 5.0.13+ff4eae5a47
	- fabric-command-api-v2 3.0.5+e2bdee7847
	- fabric-content-registries-v0 11.0.12+d871b99e47
	- fabric-convention-tags-v2 4.3.2+c37e6e5f47
	- fabric-crash-report-info-v1 1.0.3+9f78a5a847
	- fabric-creative-tab-api-v1 5.0.10+d871b99e47
	- fabric-data-attachment-api-v1 2.2.3+d602a89647
	- fabric-data-generation-api-v1 24.0.17+35c80edc47
	- fabric-debug-api-v1 1.0.1+c792624d47
	- fabric-dimensions-v1 5.1.4+9cbf5da547
	- fabric-entity-events-v1 5.0.2+e2bdee7847
	- fabric-events-interaction-v0 5.1.10+c82f046147
	- fabric-game-rule-api-v1 4.0.5+d871b99e47
	- fabric-gametest-api-v1 4.0.13+00a1fba647
	- fabric-item-api-v1 14.1.0+9833182c47
	- fabric-key-mapping-api-v1 2.0.4+e2bdee7847
	- fabric-lifecycle-events-v1 4.0.6+a9b9c17647
	- fabric-loot-api-v3 3.0.11+00a1fba647
	- fabric-menu-api-v1 2.0.12+d871b99e47
	- fabric-message-api-v1 7.0.5+dae8ce3e47
	- fabric-model-loading-api-v1 8.0.1+c7e428fd47
	- fabric-networking-api-v1 6.3.0+50a808ce47
	- fabric-object-builder-api-v1 23.0.13+b61fef4347
	- fabric-particles-v1 5.0.14+b61fef4347
	- fabric-recipe-api-v1 9.0.13+be4b75ae47
	- fabric-registry-sync-v0 7.0.12+b61fef4347
	- fabric-renderer-api-v1 12.0.0+51b152e147
	- fabric-renderer-indigo 8.0.0+51b152e147
	- fabric-rendering-fluids-v1 6.0.1+d871b99e47
	- fabric-rendering-v1 23.0.4+c7e428fd47
	- fabric-resource-conditions-api-v1 6.0.5+00a1fba647
	- fabric-resource-loader-v0 3.3.16+4fc5413f47
	- fabric-resource-loader-v1 2.0.9+d871b99e47
	- fabric-screen-api-v1 5.0.1+d871b99e47
	- fabric-serialization-api-v1 2.0.3+11a26f3147
	- fabric-sound-api-v1 2.0.4+11a26f3147
	- fabric-tag-api-v1 2.0.9+11a26f3147
	- fabric-transfer-api-v1 8.0.2+d871b99e47
	- fabric-transitive-access-wideners-v1 8.0.11+d871b99e47
	- fabricloader 0.19.2
	- java 25
	- minecraft 26.1
	- mixinextras 0.5.4
	- modmenu 11.0.3
	   |-- fabric-key-binding-api-v1 1.0.47+0af3f5a790
	   \-- placeholder-api 2.4.0-pre.2+1.21
[00:31:41] [main/WARN] (FabricLoader/ModRemap) Runtime mod remapping disabled due to no fabric.remapClasspathFile being specified. You may need to update loom.
[00:31:41] [main/INFO] (FabricLoader/Mixin) SpongePowered MIXIN Subsystem Version=0.8.7 Source=file:/C:/Users/aalrm/.gradle/caches/modules-2/files-2.1/net.fabricmc/sponge-mixin/0.17.2+mixin.0.8.7/edf98d1d98229e46e36c61774ae2b54dcd852981/sponge-mixin-0.17.2+mixin.0.8.7.jar Service=Knot/Fabric Env=CLIENT
[00:31:42] [main/INFO] (FabricLoader/Mixin) Compatibility level set to JAVA_25
[00:31:42] [main/WARN] (FabricLoader/Mixin) Error loading class: net/minecraft/class_7845 (java.lang.ClassNotFoundException: net/minecraft/class_7845)
[00:31:42] [main/WARN] (FabricLoader/Mixin) @Mixin target net.minecraft.class_7845 was not found mixins.modmenu.json:AccessorGridWidget from mod modmenu
[00:31:42] [main/WARN] (FabricLoader/Mixin) Error loading class: net/minecraft/class_433 (java.lang.ClassNotFoundException: net/minecraft/class_433)
[00:31:42] [main/WARN] (FabricLoader/Mixin) @Mixin target net.minecraft.class_433 was not found mixins.modmenu.json:MixinGameMenu from mod modmenu
[00:31:42] [main/WARN] (FabricLoader/Mixin) Error loading class: net/minecraft/class_442 (java.lang.ClassNotFoundException: net/minecraft/class_442)
[00:31:42] [main/WARN] (FabricLoader/Mixin) @Mixin target net.minecraft.class_442 was not found mixins.modmenu.json:MixinTitleScreen from mod modmenu
[00:31:42] [main/WARN] (FabricLoader/Mixin) Error loading class: net/minecraft/class_304 (java.lang.ClassNotFoundException: net/minecraft/class_304)
[00:31:42] [main/WARN] (FabricLoader/Mixin) @Mixin target net.minecraft.class_304 was not found fabric-key-binding-api-v1.mixins.json:KeyBindingAccessor from mod fabric-key-binding-api-v1
[00:31:42] [main/WARN] (FabricLoader/Mixin) Error loading class: net/minecraft/class_315 (java.lang.ClassNotFoundException: net/minecraft/class_315)
[00:31:42] [main/WARN] (FabricLoader/Mixin) @Mixin target net.minecraft.class_315 was not found fabric-key-binding-api-v1.mixins.json:GameOptionsMixin from mod fabric-key-binding-api-v1
[00:31:43] [main/INFO] (FabricLoader/MixinExtras|Service) Initializing MixinExtras via com.llamalad7.mixinextras.service.MixinExtrasServiceImpl(version=0.5.4).
[00:31:45] [Datafixer Bootstrap/INFO] (Minecraft) 291 Datafixer optimizations took 561 milliseconds
[00:31:45] [main/WARN] (PerfDataUtil) Failed to add PDH Counter: \Paging File(_Total)\% Usage, Error code: 0xC0000BB8
[00:31:45] [main/WARN] (PerfCounterQueryHandler) Failed to add counter for PDH counter: \Paging File(_Total)\% Usage
[00:31:45] [main/INFO] (PerfCounterQuery) Disabling further attempts to query Paging File.
[00:31:45] [main/WARN] (WmiQueryHandler) COM exception: Invalid Class Win32_PerfRawData_PerfOS_PagingFile
[00:31:52] [Render thread/INFO] (Minecraft) Environment: Environment[sessionHost=https://sessionserver.mojang.com, servicesHost=https://api.minecraftservices.com, profilesHost=https://api.mojang.com, name=PROD]
[00:31:52] [Render thread/INFO] (Minecraft) Setting user: Player175
[00:31:53] [Render thread/INFO] (bettershulker) [BetterShulker] Initializing Better Shulker mod for Minecraft 26.1
[00:31:53] [Render thread/INFO] (bettershulker) [BetterShulker] All payload types and handlers registered successfully
[00:31:53] [Render thread/INFO] (Indigo) [Indigo] Registering Indigo renderer!
[00:31:53] [Render thread/INFO] (bettershulker) [BetterShulker] Initializing client module
[00:31:53] [Render thread/INFO] (bettershulker) [BetterShulker] Client module initialized successfully
[00:31:53] [Download-2/ERROR] (Minecraft) Failed to fetch user properties
com.mojang.authlib.exceptions.InvalidCredentialsException: Status: 401
	at knot//com.mojang.authlib.exceptions.MinecraftClientHttpException.toAuthenticationException(MinecraftClientHttpException.java:59)
	at knot//com.mojang.authlib.yggdrasil.YggdrasilUserApiService.fetchProperties(YggdrasilUserApiService.java:150)
	at knot//net.minecraft.client.Minecraft.lambda$new$1(Minecraft.java:459)
	at java.base/java.util.concurrent.CompletableFuture$AsyncSupply.run(CompletableFuture.java:1789)
	at java.base/java.util.concurrent.ThreadPoolExecutor.runWorker(ThreadPoolExecutor.java:1090)
	at java.base/java.util.concurrent.ThreadPoolExecutor$Worker.run(ThreadPoolExecutor.java:614)
	at java.base/java.lang.Thread.run(Thread.java:1474)
Caused by: com.mojang.authlib.exceptions.MinecraftClientHttpException: Status: 401
	at knot//com.mojang.authlib.minecraft.client.MinecraftClient.readInputStream(MinecraftClient.java:103)
	at knot//com.mojang.authlib.minecraft.client.MinecraftClient.get(MinecraftClient.java:56)
	at knot//com.mojang.authlib.yggdrasil.YggdrasilUserApiService.fetchProperties(YggdrasilUserApiService.java:121)
	... 5 more
[00:31:53] [Render thread/WARN] (WmiQueryHandler) COM exception: Invalid Class Win32_PerfRawData_PerfOS_PagingFile
[00:31:54] [Render thread/WARN] (Minecraft) Failed to get system info for Render Extensions
java.lang.IllegalStateException: Can't getDevice() before it was initialized
	at knot//com.mojang.blaze3d.systems.RenderSystem.getDevice(RenderSystem.java:280)
	at knot//net.minecraft.client.Minecraft.lambda$fillSystemReport$2(Minecraft.java:2579)
	at knot//net.minecraft.SystemReport.setDetail(SystemReport.java:91)
	at knot//net.minecraft.client.Minecraft.fillSystemReport(Minecraft.java:2579)
	at knot//net.minecraft.client.Minecraft.fillReport(Minecraft.java:2549)
	at knot//net.minecraft.client.main.Main.main(Main.java:241)
	at net.fabricmc.loader.impl.game.minecraft.MinecraftGameProvider.launch(MinecraftGameProvider.java:514)
	at net.fabricmc.loader.impl.launch.knot.Knot.launch(Knot.java:72)
	at net.fabricmc.loader.impl.launch.knot.KnotClient.main(KnotClient.java:23)
	at net.fabricmc.devlaunchinjector.Main.main(Main.java:86)
